#-----------------------------------------------------------
# Vivado v2020.2 (64-bit)
# SW Build 3064766 on Wed Nov 18 09:12:45 MST 2020
# IP Build 3064653 on Wed Nov 18 14:17:31 MST 2020
# Start of session at: Fri Mar 31 14:23:46 2023
# Process ID: 20264
# Current directory: C:/Users/mauro/Desktop/jstk2_interface_template.xpr/jstk2_interface
# Command line: vivado.exe -gui_launcher_event rodinguilauncherevent11508 C:\Users\mauro\Desktop\jstk2_interface_template.xpr\jstk2_interface\jstk2_interface.xpr
# Log file: C:/Users/mauro/Desktop/jstk2_interface_template.xpr/jstk2_interface/vivado.log
# Journal file: C:/Users/mauro/Desktop/jstk2_interface_template.xpr/jstk2_interface\vivado.jou
#-----------------------------------------------------------
start_gui
open_project C:/Users/mauro/Desktop/jstk2_interface_template.xpr/jstk2_interface/jstk2_interface.xpr
INFO: [Project 1-313] Project file moved from '/home/nicola/.Xil/Vivado-65-cornaLaptop/PrjAr/_X_' since last save.
WARNING: [filemgmt 56-2] Default IP Output Path : Could not find the directory 'C:/Users/mauro/Desktop/jstk2_interface_template.xpr/jstk2_interface/jstk2_interface.gen/sources_1', nor could it be found using path 'C:/home/nicola/.Xil/Vivado-65-cornaLaptop/PrjAr/_X_/jstk2_interface.gen/sources_1'.
Scanning sources...
Finished scanning sources
INFO: [IP_Flow 19-234] Refreshing IP repositories
INFO: [IP_Flow 19-1704] No user IP repositories specified
INFO: [IP_Flow 19-2313] Loaded Vivado IP repository 'D:/Vivado/Vivado/2020.2/data/ip'.
open_project: Time (s): cpu = 00:00:21 ; elapsed = 00:00:13 . Memory (MB): peak = 1017.484 ; gain = 0.000
update_compile_order -fileset sources_1
create_bd_design "design_1"
Wrote  : <C:\Users\mauro\Desktop\jstk2_interface_template.xpr\jstk2_interface\jstk2_interface.srcs\sources_1\bd\design_1\design_1.bd> 
create_bd_design: Time (s): cpu = 00:00:18 ; elapsed = 00:00:18 . Memory (MB): peak = 1017.484 ; gain = 0.000
update_compile_order -fileset sources_1
WARNING: [filemgmt 56-199] Attempt to get parsing info during refresh. "On-the-fly" syntax checking information may be incorrect. [C:\Users\mauro\Desktop\jstk2_interface_template.xpr\jstk2_interface\jstk2_interface.srcs\sources_1\new\digilent_jstk2.vhd:]
WARNING: [filemgmt 56-199] Attempt to get parsing info during refresh. "On-the-fly" syntax checking information may be incorrect. [C:\Users\mauro\Desktop\jstk2_interface_template.xpr\jstk2_interface\jstk2_interface.srcs\sources_1\new\jstk_uart_bridge.vhd:]
ERROR: [Common 17-180] Spawn failed: No error
create_project managed_ip_project C:/Users/mauro/Desktop/jstk2_interface_template.xpr/managed_ip_project -part xc7a35tcpg236-1 -ip
INFO: [IP_Flow 19-234] Refreshing IP repositories
INFO: [IP_Flow 19-1704] No user IP repositories specified
INFO: [IP_Flow 19-2313] Loaded Vivado IP repository 'D:/Vivado/Vivado/2020.2/data/ip'.
create_project: Time (s): cpu = 00:00:12 ; elapsed = 00:00:12 . Memory (MB): peak = 1045.441 ; gain = 0.000
set_property board_part digilentinc.com:basys3:part0:1.1 [current_project]
set_property target_language VHDL [current_project]
set_property target_simulator XSim [current_project]
INFO: [IP_Flow 19-1839] IP Catalog is up to date.
close_project
set_property  ip_repo_paths  C:/Users/mauro/Desktop/jstk2_interface_template.xpr/ip_repo [current_project]
update_ip_catalog
INFO: [IP_Flow 19-234] Refreshing IP repositories
INFO: [IP_Flow 19-1700] Loaded user IP repository 'c:/Users/mauro/Desktop/jstk2_interface_template.xpr/ip_repo'.
startgroup
create_bd_cell -type ip -vlnv DigiLAB:ip:AXI4Stream_UART:1.1 AXI4Stream_UART_0
endgroup
startgroup
create_bd_cell -type ip -vlnv xilinx.com:ip:axi_quad_spi:3.2 axi_quad_spi_0
endgroup
set_property location {2 414 122} [get_bd_cells axi_quad_spi_0]
update_gui_for_PARAM_VALUE.C_XIP_MODE- xip_mode: 0 spi_mode: 0 xip_perf_mode: 1
update_gui_for_PARAM_VALUE.C_XIP_PERF_MODE- xip_mode: 0 xip_perf_mode: 1 axi4_interface: 0
delete_bd_objs [get_bd_cells axi_quad_spi_0]
startgroup
create_bd_cell -type ip -vlnv DigiLAB:ip:axi4stream_spi_master:1.0 axi4stream_spi_master_0
endgroup
set_property location {2 363 106} [get_bd_cells axi4stream_spi_master_0]
set_property -dict [list CONFIG.c_sclkfreq {5000}] [get_bd_cells axi4stream_spi_master_0]
save_bd_design
Wrote  : <C:\Users\mauro\Desktop\jstk2_interface_template.xpr\jstk2_interface\jstk2_interface.srcs\sources_1\bd\design_1\design_1.bd> 
Wrote  : <C:/Users/mauro/Desktop/jstk2_interface_template.xpr/jstk2_interface/jstk2_interface.srcs/sources_1/bd/design_1/ui/bd_1f5defd0.ui> 
set_property location {1 417 304} [get_bd_cells axi4stream_spi_master_0]
exit
INFO: [Common 17-206] Exiting Vivado at Sun Apr  2 15:18:49 2023...
