#-----------------------------------------------------------
# Vivado v2020.2 (64-bit)
# SW Build 3064766 on Wed Nov 18 09:12:45 MST 2020
# IP Build 3064653 on Wed Nov 18 14:17:31 MST 2020
# Start of session at: Mon Apr  3 15:55:06 2023
# Process ID: 26904
# Current directory: C:/Users/mauro/Documents/Github/LAB2_DESD/Progetto/jstk2_interface_template.xpr/jstk2_interface
# Command line: vivado.exe -gui_launcher_event rodinguilauncherevent25392 C:\Users\mauro\Documents\Github\LAB2_DESD\Progetto\jstk2_interface_template.xpr\jstk2_interface\jstk2_interface.xpr
# Log file: C:/Users/mauro/Documents/Github/LAB2_DESD/Progetto/jstk2_interface_template.xpr/jstk2_interface/vivado.log
# Journal file: C:/Users/mauro/Documents/Github/LAB2_DESD/Progetto/jstk2_interface_template.xpr/jstk2_interface\vivado.jou
#-----------------------------------------------------------
start_gui
open_project C:/Users/mauro/Documents/Github/LAB2_DESD/Progetto/jstk2_interface_template.xpr/jstk2_interface/jstk2_interface.xpr
INFO: [ProjectBase 1-489] The host OS only allows 260 characters in a normal path. The project is stored in a path with more than 80 characters. If you experience issues with IP, Block Designs, or files not being found, please consider moving the project to a location with a shorter path. Alternately consider using the OS subst command to map part of the path to a drive letter.
Current project path is 'C:/Users/mauro/Documents/Github/LAB2_DESD/Progetto/jstk2_interface_template.xpr/jstk2_interface'
Scanning sources...
Finished scanning sources
INFO: [IP_Flow 19-234] Refreshing IP repositories
INFO: [IP_Flow 19-1700] Loaded user IP repository 'c:/Users/mauro/Documents/Github/LAB2_DESD/Progetto/jstk2_interface_template.xpr/ip_repo'.
INFO: [IP_Flow 19-2313] Loaded Vivado IP repository 'D:/Vivado/Vivado/2020.2/data/ip'.
open_project: Time (s): cpu = 00:00:21 ; elapsed = 00:00:14 . Memory (MB): peak = 1019.078 ; gain = 0.000
update_compile_order -fileset sources_1
archive_project C:/Users/mauro/Desktop/jstk2_interface.xpr.zip -temp_dir C:/Users/mauro/Documents/Github/LAB2_DESD/Progetto/jstk2_interface_template.xpr/jstk2_interface/.Xil/Vivado-26904-LAPTOP-DUQD03P4 -force -include_local_ip_cache -include_config_settings
INFO: [Coretcl 2-137] starting archive...
INFO: [Coretcl 2-1499] Saving project copy to temporary location 'C:/Users/mauro/Documents/Github/LAB2_DESD/Progetto/jstk2_interface_template.xpr/jstk2_interface/.Xil/Vivado-26904-LAPTOP-DUQD03P4' for archiving project
INFO: [ProjectBase 1-489] The host OS only allows 260 characters in a normal path. The project is stored in a path with more than 80 characters. If you experience issues with IP, Block Designs, or files not being found, please consider moving the project to a location with a shorter path. Alternately consider using the OS subst command to map part of the path to a drive letter.
Current project path is 'C:/Users/mauro/Documents/Github/LAB2_DESD/Progetto/jstk2_interface_template.xpr/jstk2_interface'
Scanning sources...
Finished scanning sources
INFO: [IP_Flow 19-234] Refreshing IP repositories
INFO: [IP_Flow 19-1700] Loaded user IP repository 'c:/Users/mauro/Documents/Github/LAB2_DESD/Progetto/jstk2_interface_template.xpr/ip_repo'.
INFO: [IP_Flow 19-2313] Loaded Vivado IP repository 'D:/Vivado/Vivado/2020.2/data/ip'.
INFO: [Coretcl 2-1211] Creating project copy for archival...
INFO: [ProjectBase 1-495] The host OS only allows 260 characters in a normal path. The project is stored in a path with more than 80 characters. If you experience any problem with archiving the project, please consider setting environment variable $TEMP to a shorter path.
Current project path is 'C:/Users/mauro/Documents/Github/LAB2_DESD/Progetto/jstk2_interface_template.xpr/jstk2_interface/.Xil/Vivado-26904-LAPTOP-DUQD03P4/PrjAr/_X_'.
ERROR: [Common 17-680] Path length exceeds 260-Byte maximum allowed by Windows: c:/Users/mauro/Documents/Github/LAB2_DESD/Progetto/jstk2_interface_template.xpr/jstk2_interface/.Xil/Vivado-26904-LAPTOP-DUQD03P4/PrjAr/_X_/jstk2_interface.gen/sources_1/bd/design_1/ip/design_1_axi4stream_spi_master_0_0/sim/design_1_axi4stream_spi_master_0_0.vhd
Please consider using the OS subst command to shorten the path length by mapping part of the path to a virtual drive letter. See Answer Record AR52787 for more information.
Resolution: In Windows 7 or later, the mklink command can also be used to create a symbolic link and shorten the path.
