
*** Running vivado
    with args -log design_1_digilent_jstk2_0_0.vds -m64 -product Vivado -mode batch -messageDb vivado.pb -notrace -source design_1_digilent_jstk2_0_0.tcl



****** Vivado v2020.2 (64-bit)
  **** SW Build 3064766 on Wed Nov 18 09:12:45 MST 2020
  **** IP Build 3064653 on Wed Nov 18 14:17:31 MST 2020
    ** Copyright 1986-2020 Xilinx, Inc. All Rights Reserved.

source design_1_digilent_jstk2_0_0.tcl -notrace
INFO: [IP_Flow 19-234] Refreshing IP repositories
INFO: [IP_Flow 19-1700] Loaded user IP repository 'c:/Users/mauro/Documents/Github/LAB2_DESD/Progetto/jstk2_interface_template.xpr/ip_repo'.
INFO: [IP_Flow 19-2313] Loaded Vivado IP repository 'D:/Vivado/Vivado/2020.2/data/ip'.
WARNING: [IP_Flow 19-4995] The host OS only allows 260 characters in a normal path. The IP cache path is more than 80 characters. If you experience issues with IP caching, please consider changing the IP cache to a location with a shorter path. Alternately consider using the OS subst command to map part of the path to a drive letter. 
Current IP cache path is c:/Users/mauro/Documents/Github/LAB2_DESD/Progetto/jstk2_interface_template.xpr/jstk2_interface/jstk2_interface.cache/ip 
Command: synth_design -top design_1_digilent_jstk2_0_0 -part xc7a35tcpg236-1 -mode out_of_context
Starting synth_design
WARNING: [IP_Flow 19-3571] IP 'design_1_digilent_jstk2_0_0' is restricted:
* Module reference is stale and needs refreshing.
Attempting to get a license for feature 'Synthesis' and/or device 'xc7a35t'
INFO: [Common 17-349] Got license for feature 'Synthesis' and/or device 'xc7a35t'
INFO: [Device 21-403] Loading part xc7a35tcpg236-1
INFO: [Synth 8-7079] Multithreading enabled for synth_design using a maximum of 2 processes.
INFO: [Synth 8-7078] Launching helper process for spawning children vivado processes
INFO: [Synth 8-7075] Helper process launched with PID 7840
---------------------------------------------------------------------------------
Starting RTL Elaboration : Time (s): cpu = 00:00:08 ; elapsed = 00:00:11 . Memory (MB): peak = 1018.023 ; gain = 0.000
---------------------------------------------------------------------------------
INFO: [Synth 8-638] synthesizing module 'design_1_digilent_jstk2_0_0' [c:/Users/mauro/Documents/Github/LAB2_DESD/Progetto/jstk2_interface_template.xpr/jstk2_interface/jstk2_interface.gen/sources_1/bd/design_1/ip/design_1_digilent_jstk2_0_0/synth/design_1_digilent_jstk2_0_0.vhd:75]
	Parameter DELAY_US bound to: 25 - type: integer 
	Parameter CLKFREQ bound to: 100000000 - type: integer 
	Parameter SPI_SCLKFREQ bound to: 66666 - type: integer 
INFO: [Synth 8-3491] module 'digilent_jstk2' declared at 'C:/Users/mauro/Documents/Github/LAB2_DESD/Progetto/jstk2_interface_template.xpr/jstk2_interface/jstk2_interface.srcs/sources_1/new/digilent_jstk2.vhd:6' bound to instance 'U0' of component 'digilent_jstk2' [c:/Users/mauro/Documents/Github/LAB2_DESD/Progetto/jstk2_interface_template.xpr/jstk2_interface/jstk2_interface.gen/sources_1/bd/design_1/ip/design_1_digilent_jstk2_0_0/synth/design_1_digilent_jstk2_0_0.vhd:123]
INFO: [Synth 8-638] synthesizing module 'digilent_jstk2' [C:/Users/mauro/Documents/Github/LAB2_DESD/Progetto/jstk2_interface_template.xpr/jstk2_interface/jstk2_interface.srcs/sources_1/new/digilent_jstk2.vhd:39]
	Parameter DELAY_US bound to: 25 - type: integer 
	Parameter CLKFREQ bound to: 100000000 - type: integer 
	Parameter SPI_SCLKFREQ bound to: 66666 - type: integer 
INFO: [Synth 8-256] done synthesizing module 'digilent_jstk2' (1#1) [C:/Users/mauro/Documents/Github/LAB2_DESD/Progetto/jstk2_interface_template.xpr/jstk2_interface/jstk2_interface.srcs/sources_1/new/digilent_jstk2.vhd:39]
INFO: [Synth 8-256] done synthesizing module 'design_1_digilent_jstk2_0_0' (2#1) [c:/Users/mauro/Documents/Github/LAB2_DESD/Progetto/jstk2_interface_template.xpr/jstk2_interface/jstk2_interface.gen/sources_1/bd/design_1/ip/design_1_digilent_jstk2_0_0/synth/design_1_digilent_jstk2_0_0.vhd:75]
---------------------------------------------------------------------------------
Finished RTL Elaboration : Time (s): cpu = 00:00:10 ; elapsed = 00:00:13 . Memory (MB): peak = 1018.023 ; gain = 0.000
---------------------------------------------------------------------------------
---------------------------------------------------------------------------------
Start Handling Custom Attributes
---------------------------------------------------------------------------------
---------------------------------------------------------------------------------
Finished Handling Custom Attributes : Time (s): cpu = 00:00:10 ; elapsed = 00:00:14 . Memory (MB): peak = 1018.023 ; gain = 0.000
---------------------------------------------------------------------------------
---------------------------------------------------------------------------------
Finished RTL Optimization Phase 1 : Time (s): cpu = 00:00:10 ; elapsed = 00:00:14 . Memory (MB): peak = 1018.023 ; gain = 0.000
---------------------------------------------------------------------------------
Netlist sorting complete. Time (s): cpu = 00:00:00 ; elapsed = 00:00:00.007 . Memory (MB): peak = 1018.023 ; gain = 0.000
INFO: [Project 1-570] Preparing netlist for logic optimization

Processing XDC Constraints
Initializing timing engine
Completed Processing XDC Constraints

Netlist sorting complete. Time (s): cpu = 00:00:00 ; elapsed = 00:00:00 . Memory (MB): peak = 1066.797 ; gain = 0.000
INFO: [Project 1-111] Unisim Transformation Summary:
No Unisim elements were transformed.

Constraint Validation Runtime : Time (s): cpu = 00:00:00 ; elapsed = 00:00:00.046 . Memory (MB): peak = 1066.824 ; gain = 0.027
---------------------------------------------------------------------------------
Finished Constraint Validation : Time (s): cpu = 00:00:21 ; elapsed = 00:00:27 . Memory (MB): peak = 1066.824 ; gain = 48.801
---------------------------------------------------------------------------------
---------------------------------------------------------------------------------
Start Loading Part and Timing Information
---------------------------------------------------------------------------------
Loading part: xc7a35tcpg236-1
---------------------------------------------------------------------------------
Finished Loading Part and Timing Information : Time (s): cpu = 00:00:21 ; elapsed = 00:00:27 . Memory (MB): peak = 1066.824 ; gain = 48.801
---------------------------------------------------------------------------------
---------------------------------------------------------------------------------
Start Applying 'set_property' XDC Constraints
---------------------------------------------------------------------------------
---------------------------------------------------------------------------------
Finished applying 'set_property' XDC Constraints : Time (s): cpu = 00:00:21 ; elapsed = 00:00:27 . Memory (MB): peak = 1066.824 ; gain = 48.801
---------------------------------------------------------------------------------
INFO: [Synth 8-802] inferred FSM for state register 'state_cmd_reg' in module 'digilent_jstk2'
INFO: [Synth 8-802] inferred FSM for state register 'state_sts_reg' in module 'digilent_jstk2'
---------------------------------------------------------------------------------------------------
                   State |                     New Encoding |                Previous Encoding 
---------------------------------------------------------------------------------------------------
              wait_delay |                              000 |                              000
                send_red |                              001 |                              010
              send_green |                              010 |                              011
               send_blue |                              011 |                              100
              send_dummy |                              100 |                              101
                send_cmd |                              101 |                              001
---------------------------------------------------------------------------------------------------
INFO: [Synth 8-3354] encoded FSM with state register 'state_cmd_reg' using encoding 'sequential' in module 'digilent_jstk2'
---------------------------------------------------------------------------------------------------
                   State |                     New Encoding |                Previous Encoding 
---------------------------------------------------------------------------------------------------
               get_x_lsb |                              000 |                              000
               get_x_msb |                              001 |                              001
               get_y_lsb |                              010 |                              010
               get_y_msb |                              011 |                              011
             get_buttons |                              100 |                              100
---------------------------------------------------------------------------------------------------
INFO: [Synth 8-3354] encoded FSM with state register 'state_sts_reg' using encoding 'sequential' in module 'digilent_jstk2'
---------------------------------------------------------------------------------
Finished RTL Optimization Phase 2 : Time (s): cpu = 00:00:22 ; elapsed = 00:00:27 . Memory (MB): peak = 1066.824 ; gain = 48.801
---------------------------------------------------------------------------------
---------------------------------------------------------------------------------
Start RTL Component Statistics 
---------------------------------------------------------------------------------
Detailed RTL Component Info : 
+---Registers : 
	               16 Bit    Registers := 2     
	               13 Bit    Registers := 1     
	                8 Bit    Registers := 1     
	                3 Bit    Registers := 1     
	                2 Bit    Registers := 1     
	                1 Bit    Registers := 1     
+---Muxes : 
	   5 Input   16 Bit        Muxes := 4     
	   2 Input   16 Bit        Muxes := 2     
	   6 Input   13 Bit        Muxes := 1     
	   6 Input    8 Bit        Muxes := 1     
	   6 Input    3 Bit        Muxes := 2     
	   5 Input    3 Bit        Muxes := 2     
	   6 Input    1 Bit        Muxes := 7     
	   5 Input    1 Bit        Muxes := 1     
---------------------------------------------------------------------------------
Finished RTL Component Statistics 
---------------------------------------------------------------------------------
---------------------------------------------------------------------------------
Start Part Resource Summary
---------------------------------------------------------------------------------
Part Resources:
DSPs: 90 (col length:60)
BRAMs: 100 (col length: RAMB18 60 RAMB36 30)
---------------------------------------------------------------------------------
Finished Part Resource Summary
---------------------------------------------------------------------------------
---------------------------------------------------------------------------------
Start Cross Boundary and Area Optimization
---------------------------------------------------------------------------------
---------------------------------------------------------------------------------
Finished Cross Boundary and Area Optimization : Time (s): cpu = 00:00:24 ; elapsed = 00:00:30 . Memory (MB): peak = 1066.824 ; gain = 48.801
---------------------------------------------------------------------------------
---------------------------------------------------------------------------------
Start Applying XDC Timing Constraints
---------------------------------------------------------------------------------
---------------------------------------------------------------------------------
Finished Applying XDC Timing Constraints : Time (s): cpu = 00:00:35 ; elapsed = 00:00:42 . Memory (MB): peak = 1066.824 ; gain = 48.801
---------------------------------------------------------------------------------
---------------------------------------------------------------------------------
Start Timing Optimization
---------------------------------------------------------------------------------
---------------------------------------------------------------------------------
Finished Timing Optimization : Time (s): cpu = 00:00:35 ; elapsed = 00:00:42 . Memory (MB): peak = 1066.824 ; gain = 48.801
---------------------------------------------------------------------------------
---------------------------------------------------------------------------------
Start Technology Mapping
---------------------------------------------------------------------------------
---------------------------------------------------------------------------------
Finished Technology Mapping : Time (s): cpu = 00:00:36 ; elapsed = 00:00:43 . Memory (MB): peak = 1066.824 ; gain = 48.801
---------------------------------------------------------------------------------
---------------------------------------------------------------------------------
Start IO Insertion
---------------------------------------------------------------------------------
---------------------------------------------------------------------------------
Start Flattening Before IO Insertion
---------------------------------------------------------------------------------
---------------------------------------------------------------------------------
Finished Flattening Before IO Insertion
---------------------------------------------------------------------------------
---------------------------------------------------------------------------------
Start Final Netlist Cleanup
---------------------------------------------------------------------------------
---------------------------------------------------------------------------------
Finished Final Netlist Cleanup
---------------------------------------------------------------------------------
---------------------------------------------------------------------------------
Finished IO Insertion : Time (s): cpu = 00:00:41 ; elapsed = 00:00:49 . Memory (MB): peak = 1066.824 ; gain = 48.801
---------------------------------------------------------------------------------
---------------------------------------------------------------------------------
Start Renaming Generated Instances
---------------------------------------------------------------------------------
---------------------------------------------------------------------------------
Finished Renaming Generated Instances : Time (s): cpu = 00:00:41 ; elapsed = 00:00:49 . Memory (MB): peak = 1066.824 ; gain = 48.801
---------------------------------------------------------------------------------
---------------------------------------------------------------------------------
Start Rebuilding User Hierarchy
---------------------------------------------------------------------------------
---------------------------------------------------------------------------------
Finished Rebuilding User Hierarchy : Time (s): cpu = 00:00:41 ; elapsed = 00:00:49 . Memory (MB): peak = 1066.824 ; gain = 48.801
---------------------------------------------------------------------------------
---------------------------------------------------------------------------------
Start Renaming Generated Ports
---------------------------------------------------------------------------------
---------------------------------------------------------------------------------
Finished Renaming Generated Ports : Time (s): cpu = 00:00:41 ; elapsed = 00:00:49 . Memory (MB): peak = 1066.824 ; gain = 48.801
---------------------------------------------------------------------------------
---------------------------------------------------------------------------------
Start Handling Custom Attributes
---------------------------------------------------------------------------------
---------------------------------------------------------------------------------
Finished Handling Custom Attributes : Time (s): cpu = 00:00:41 ; elapsed = 00:00:49 . Memory (MB): peak = 1066.824 ; gain = 48.801
---------------------------------------------------------------------------------
---------------------------------------------------------------------------------
Start Renaming Generated Nets
---------------------------------------------------------------------------------
---------------------------------------------------------------------------------
Finished Renaming Generated Nets : Time (s): cpu = 00:00:41 ; elapsed = 00:00:49 . Memory (MB): peak = 1066.824 ; gain = 48.801
---------------------------------------------------------------------------------
---------------------------------------------------------------------------------
Start Writing Synthesis Report
---------------------------------------------------------------------------------

Report BlackBoxes: 
+-+--------------+----------+
| |BlackBox name |Instances |
+-+--------------+----------+
+-+--------------+----------+

Report Cell Usage: 
+------+-------+------+
|      |Cell   |Count |
+------+-------+------+
|1     |CARRY4 |     6|
|2     |LUT1   |     2|
|3     |LUT2   |    17|
|4     |LUT3   |    14|
|5     |LUT4   |     3|
|6     |LUT5   |    20|
|7     |LUT6   |     7|
|8     |FDCE   |    22|
|9     |FDPE   |     4|
|10    |FDRE   |    30|
+------+-------+------+
---------------------------------------------------------------------------------
Finished Writing Synthesis Report : Time (s): cpu = 00:00:41 ; elapsed = 00:00:49 . Memory (MB): peak = 1066.824 ; gain = 48.801
---------------------------------------------------------------------------------
Synthesis finished with 0 errors, 0 critical warnings and 0 warnings.
Synthesis Optimization Runtime : Time (s): cpu = 00:00:29 ; elapsed = 00:00:46 . Memory (MB): peak = 1066.824 ; gain = 0.000
Synthesis Optimization Complete : Time (s): cpu = 00:00:42 ; elapsed = 00:00:49 . Memory (MB): peak = 1066.824 ; gain = 48.801
INFO: [Project 1-571] Translating synthesized netlist
Netlist sorting complete. Time (s): cpu = 00:00:00 ; elapsed = 00:00:00.003 . Memory (MB): peak = 1066.824 ; gain = 0.000
INFO: [Netlist 29-17] Analyzing 6 Unisim elements for replacement
INFO: [Netlist 29-28] Unisim Transformation completed in 0 CPU seconds
INFO: [Project 1-570] Preparing netlist for logic optimization
INFO: [Opt 31-138] Pushed 0 inverter(s) to 0 load pin(s).
Netlist sorting complete. Time (s): cpu = 00:00:00 ; elapsed = 00:00:00 . Memory (MB): peak = 1071.090 ; gain = 0.000
INFO: [Project 1-111] Unisim Transformation Summary:
No Unisim elements were transformed.

INFO: [Common 17-83] Releasing license: Synthesis
26 Infos, 2 Warnings, 0 Critical Warnings and 0 Errors encountered.
synth_design completed successfully
synth_design: Time (s): cpu = 00:00:50 ; elapsed = 00:01:04 . Memory (MB): peak = 1071.090 ; gain = 53.066
INFO: [Common 17-1381] The checkpoint 'C:/Users/mauro/Documents/Github/LAB2_DESD/Progetto/jstk2_interface_template.xpr/jstk2_interface/jstk2_interface.runs/design_1_digilent_jstk2_0_0_synth_1/design_1_digilent_jstk2_0_0.dcp' has been generated.
WARNING: [Common 17-576] 'use_project_ipc' is deprecated. This option is deprecated and no longer used.
INFO: [Common 17-1381] The checkpoint 'C:/Users/mauro/Documents/Github/LAB2_DESD/Progetto/jstk2_interface_template.xpr/jstk2_interface/jstk2_interface.runs/design_1_digilent_jstk2_0_0_synth_1/design_1_digilent_jstk2_0_0.dcp' has been generated.
INFO: [runtcl-4] Executing : report_utilization -file design_1_digilent_jstk2_0_0_utilization_synth.rpt -pb design_1_digilent_jstk2_0_0_utilization_synth.pb
INFO: [Common 17-206] Exiting Vivado at Mon Apr  3 15:31:39 2023...
